<?xml version="1.0" encoding="UTF-8"?>
<testng-results skipped="0" failed="0" total="1" passed="1">
  <reporter-output>
  </reporter-output>
  <suite name="Default suite" duration-ms="51640" started-at="2018-10-14T23:51:06Z" finished-at="2018-10-14T23:51:57Z">
    <groups>
    </groups>
    <test name="Default test" duration-ms="51640" started-at="2018-10-14T23:51:06Z" finished-at="2018-10-14T23:51:57Z">
      <class name="cucumber.features.StepDefinition_MC">
        <test-method status="PASS" signature="MyTest()[pri:0, instance:cucumber.features.StepDefinition_MC@36d4b5c]" name="MyTest" duration-ms="51612" started-at="2018-10-14T19:51:06Z" finished-at="2018-10-14T19:51:57Z">
          <reporter-output>
          </reporter-output>
        </test-method> <!-- MyTest -->
      </class> <!-- cucumber.features.StepDefinition_MC -->
    </test> <!-- Default test -->
  </suite> <!-- Default suite -->
</testng-results>
